Started GET "/" for 127.0.0.1 at 2017-05-19 15:02:45 +1200
Processing by GridsController#index as HTML
  Rendering grids/index.html.erb within layouts/application
  Rendered vue-templates/_grid.html.erb (0.0ms)
  Rendered grids/index.html.erb within layouts/application (8.0ms)
Completed 200 OK in 477ms (Views: 462.1ms | ActiveRecord: 0.0ms)


Started GET "/" for 127.0.0.1 at 2017-05-23 12:48:28 +1200
Processing by GridsController#index as HTML
  Rendering grids/index.html.erb within layouts/application
  Rendered vue-templates/_grid.html.erb (0.5ms)
  Rendered grids/index.html.erb within layouts/application (8.0ms)
Completed 200 OK in 243ms (Views: 227.9ms | ActiveRecord: 0.0ms)


Started GET "/" for 127.0.0.1 at 2017-05-23 14:04:11 +1200
Processing by GridsController#index as HTML
  Rendering grids/index.html.erb within layouts/application
  Rendered vue-templates/_grid.html.erb (0.3ms)
  Rendered grids/index.html.erb within layouts/application (7.0ms)
Completed 200 OK in 863ms (Views: 848.9ms | ActiveRecord: 0.0ms)


Started GET "/" for 127.0.0.1 at 2017-05-23 14:04:15 +1200
Processing by GridsController#index as HTML
  Rendering grids/index.html.erb within layouts/application
  Rendered vue-templates/_grid.html.erb (0.2ms)
  Rendered grids/index.html.erb within layouts/application (2.4ms)
Completed 200 OK in 35ms (Views: 34.0ms | ActiveRecord: 0.0ms)


Started GET "/" for 127.0.0.1 at 2017-05-23 18:37:02 +1200
Processing by GridsController#index as HTML
  Rendering grids/index.html.erb within layouts/application
  Rendered vue-templates/_grid.html.erb (0.2ms)
  Rendered grids/index.html.erb within layouts/application (3.9ms)
Completed 200 OK in 352ms (Views: 337.3ms | ActiveRecord: 0.0ms)


